<?xml version="1.0" encoding="UTF-8"?>
<!-- Generated by org.testng.reporters.JUnitXMLReporter -->
<testsuite hostname="BhavyaSri" ignored="0" name="Regression Test" tests="4" failures="0" timestamp="25 Oct 2017 16:10:43 GMT" time="82.114" errors="0">
  <testcase name="testHomePage" time="8.417" classname="testcases.VerifyLoginPage"/>
  <testcase name="testHomePage" time="16.826" classname="testcases.VerifyLoginPagewithReports"/>
  <testcase name="testHomePage" time="5.201" classname="testcases.VerifyHomePagewithLogsandReports"/>
  <testcase name="testHomePage" time="5.158" classname="testcases.VerifyHomePage"/>
</testsuite> <!-- Regression Test -->
