<?xml version="1.0" encoding="UTF-8"?>
<testng-results skipped="0" failed="0" ignored="0" total="2" passed="2">
  <reporter-output>
  </reporter-output>
  <suite name="SmokeTest" duration-ms="40375" started-at="2017-10-25T22:52:53Z" finished-at="2017-10-25T22:53:33Z">
    <groups>
    </groups>
    <test name="Portalvalidation" duration-ms="40375" started-at="2017-10-25T22:52:53Z" finished-at="2017-10-25T22:53:33Z">
      <class name="testcases.VerifyHomePage">
        <test-method status="PASS" signature="setup()[pri:0, instance:testcases.VerifyHomePage@475530b9]" name="setup" is-config="true" duration-ms="11181" started-at="2017-10-26T04:23:16Z" finished-at="2017-10-26T04:23:27Z">
          <reporter-output>
          </reporter-output>
        </test-method> <!-- setup -->
        <test-method status="PASS" signature="testHomePage()[pri:0, instance:testcases.VerifyHomePage@475530b9]" name="testHomePage" duration-ms="5221" started-at="2017-10-26T04:23:27Z" finished-at="2017-10-26T04:23:32Z">
          <reporter-output>
          </reporter-output>
        </test-method> <!-- testHomePage -->
        <test-method status="PASS" signature="teardown()[pri:0, instance:testcases.VerifyHomePage@475530b9]" name="teardown" is-config="true" duration-ms="754" started-at="2017-10-26T04:23:32Z" finished-at="2017-10-26T04:23:33Z">
          <reporter-output>
          </reporter-output>
        </test-method> <!-- teardown -->
      </class> <!-- testcases.VerifyHomePage -->
      <class name="testcases.VerifyLoginPage">
        <test-method status="PASS" signature="setup()[pri:0, instance:testcases.VerifyLoginPage@2b98378d]" name="setup" is-config="true" duration-ms="14097" started-at="2017-10-26T04:22:53Z" finished-at="2017-10-26T04:23:07Z">
          <reporter-output>
          </reporter-output>
        </test-method> <!-- setup -->
        <test-method status="PASS" signature="testHomePage()[pri:0, instance:testcases.VerifyLoginPage@2b98378d]" name="testHomePage" duration-ms="8182" started-at="2017-10-26T04:23:07Z" finished-at="2017-10-26T04:23:15Z">
          <reporter-output>
          </reporter-output>
        </test-method> <!-- testHomePage -->
        <test-method status="PASS" signature="teardown()[pri:0, instance:testcases.VerifyLoginPage@2b98378d]" name="teardown" is-config="true" duration-ms="873" started-at="2017-10-26T04:23:15Z" finished-at="2017-10-26T04:23:16Z">
          <reporter-output>
          </reporter-output>
        </test-method> <!-- teardown -->
      </class> <!-- testcases.VerifyLoginPage -->
    </test> <!-- Portalvalidation -->
  </suite> <!-- SmokeTest -->
</testng-results>
